2025-12-08 22:23:14 [main] INFO  com.AdvanceSelenium.MyListener - Test Case  start
2025-12-08 22:23:14 [main] INFO  com.AdvanceSelenium.MyListener - Test Case Execution Strat =testCase1
2025-12-08 22:23:14 [main] INFO  com.AdvanceSelenium.MyListener - Test Case fail =testCase1
2025-12-08 22:23:14 [main] INFO  com.AdvanceSelenium.MyListener - Test Case fail =testCase1
2025-12-08 22:23:14 [main] INFO  com.AdvanceSelenium.MyListener - Test Case Execution completed
2025-12-08 22:27:33 [main] INFO  com.AdvanceSelenium.MyListener - Test Case  start
2025-12-08 22:27:33 [main] INFO  com.AdvanceSelenium.MyListener - Test Case Execution Strat =testCase1
2025-12-08 22:27:33 [main] INFO  com.AdvanceSelenium.MyListener - Test Case fail =testCase1
2025-12-08 22:27:33 [main] INFO  com.AdvanceSelenium.MyListener - Test Case fail =testCase1
2025-12-08 22:27:33 [main] INFO  com.AdvanceSelenium.MyListener - Test Case Execution completed
2025-12-08 22:41:29 [main] INFO  com.AdvanceSelenium.MyListener - Test Case  start
2025-12-08 22:41:29 [main] INFO  com.AdvanceSelenium.MyListener - Test Case Execution Strat =testCase1
2025-12-08 22:41:29 [main] INFO  com.AdvanceSelenium.MyListener - Test Case fail =testCase1
2025-12-08 22:41:29 [main] INFO  com.AdvanceSelenium.MyListener - Test Case fail =testCase1
2025-12-08 22:41:29 [main] INFO  com.AdvanceSelenium.MyListener - Test Case Execution completed
2025-12-08 22:46:16 [main] INFO  com.AdvanceSelenium.MyListener - Test Case  start
2025-12-08 22:46:16 [main] INFO  com.AdvanceSelenium.MyListener - Test Case Execution Strat =testCase1
2025-12-08 22:46:16 [main] INFO  com.AdvanceSelenium.MyListener - Test Case fail =testCase1
2025-12-08 22:46:16 [main] INFO  com.AdvanceSelenium.MyListener - Test Case fail =testCase1
2025-12-08 22:46:16 [main] INFO  com.AdvanceSelenium.MyListener - Test Case Execution completed
2025-12-08 23:05:15 [main] DEBUG org.apache.poi.openxml4j.opc.PackageRelationshipCollection - Parsing relationship: /xl/_rels/workbook.xml.rels
2025-12-08 23:05:15 [main] DEBUG org.apache.poi.openxml4j.opc.PackageRelationshipCollection - Parsing relationship: /xl/worksheets/_rels/sheet1.xml.rels
2025-12-08 23:05:15 [main] DEBUG org.apache.poi.openxml4j.opc.PackageRelationshipCollection - Parsing relationship: /_rels/.rels
2025-12-08 23:05:16 [main] DEBUG org.apache.poi.ooxml.POIXMLFactory - using default POIXMLDocumentPart for http://schemas.openxmlformats.org/officeDocument/2006/relationships/printerSettings
2025-12-08 23:56:11 [main] INFO  com.AdvanceSelenium.MyListener - Test Case  start
2025-12-08 23:56:12 [main] DEBUG org.apache.poi.openxml4j.opc.PackageRelationshipCollection - Parsing relationship: /xl/_rels/workbook.xml.rels
2025-12-08 23:56:12 [main] DEBUG org.apache.poi.openxml4j.opc.PackageRelationshipCollection - Parsing relationship: /xl/worksheets/_rels/sheet1.xml.rels
2025-12-08 23:56:12 [main] DEBUG org.apache.poi.openxml4j.opc.PackageRelationshipCollection - Parsing relationship: /_rels/.rels
2025-12-08 23:56:13 [main] DEBUG org.apache.poi.ooxml.POIXMLFactory - using default POIXMLDocumentPart for http://schemas.openxmlformats.org/officeDocument/2006/relationships/printerSettings
2025-12-08 23:56:19 [main] INFO  com.AdvanceSelenium.MyListener - Test Case Execution Strat =registerTestData
2025-12-08 23:56:19 [main] INFO  com.AdvanceSelenium.MyListener - Test Case fail =registerTestData
2025-12-08 23:56:19 [main] INFO  com.AdvanceSelenium.MyListener - Test Case fail =registerTestData
2025-12-08 23:56:19 [main] INFO  com.AdvanceSelenium.MyListener - Test Case Execution completed
2025-12-09 00:02:15 [main] INFO  com.AdvanceSelenium.MyListener - Test Case  start
2025-12-09 00:02:16 [main] DEBUG org.apache.poi.openxml4j.opc.PackageRelationshipCollection - Parsing relationship: /xl/_rels/workbook.xml.rels
2025-12-09 00:02:16 [main] DEBUG org.apache.poi.openxml4j.opc.PackageRelationshipCollection - Parsing relationship: /xl/worksheets/_rels/sheet1.xml.rels
2025-12-09 00:02:16 [main] DEBUG org.apache.poi.openxml4j.opc.PackageRelationshipCollection - Parsing relationship: /_rels/.rels
2025-12-09 00:02:16 [main] DEBUG org.apache.poi.ooxml.POIXMLFactory - using default POIXMLDocumentPart for http://schemas.openxmlformats.org/officeDocument/2006/relationships/printerSettings
2025-12-09 00:02:21 [main] INFO  com.AdvanceSelenium.MyListener - Test Case Execution Strat =registerTestData
2025-12-09 00:02:26 [main] INFO  com.AdvanceSelenium.MyListener - Test Case fail =registerTestData
2025-12-09 00:02:29 [main] INFO  com.AdvanceSelenium.MyListener - Test Case Execution Strat =registerTestData
2025-12-09 00:02:32 [main] INFO  com.AdvanceSelenium.MyListener - Test Case Pass =registerTestData
2025-12-09 00:02:36 [main] INFO  com.AdvanceSelenium.MyListener - Test Case Execution Strat =registerTestData
2025-12-09 00:02:38 [main] INFO  com.AdvanceSelenium.MyListener - Test Case Pass =registerTestData
2025-12-09 00:02:41 [main] INFO  com.AdvanceSelenium.MyListener - Test Case Execution Strat =registerTestData
2025-12-09 00:02:43 [main] INFO  com.AdvanceSelenium.MyListener - Test Case Pass =registerTestData
2025-12-09 00:02:46 [main] INFO  com.AdvanceSelenium.MyListener - Test Case Execution Strat =registerTestData
2025-12-09 00:02:51 [main] INFO  com.AdvanceSelenium.MyListener - Test Case fail =registerTestData
2025-12-09 00:02:55 [main] INFO  com.AdvanceSelenium.MyListener - Test Case Execution Strat =registerTestData
2025-12-09 00:03:00 [main] INFO  com.AdvanceSelenium.MyListener - Test Case fail =registerTestData
2025-12-09 00:03:04 [main] INFO  com.AdvanceSelenium.MyListener - Test Case Execution Strat =registerTestData
2025-12-09 00:03:06 [main] INFO  com.AdvanceSelenium.MyListener - Test Case Pass =registerTestData
2025-12-09 00:03:09 [main] INFO  com.AdvanceSelenium.MyListener - Test Case Execution Strat =registerTestData
2025-12-09 00:03:12 [main] INFO  com.AdvanceSelenium.MyListener - Test Case Pass =registerTestData
2025-12-09 00:03:15 [main] INFO  com.AdvanceSelenium.MyListener - Test Case Execution Strat =registerTestData
2025-12-09 00:03:20 [main] INFO  com.AdvanceSelenium.MyListener - Test Case fail =registerTestData
2025-12-09 00:03:21 [main] INFO  com.AdvanceSelenium.MyListener - Test Case Execution completed
2025-12-09 00:09:27 [main] INFO  com.AdvanceSelenium.MyListener - Test Case  start
2025-12-09 00:09:27 [main] DEBUG org.apache.poi.openxml4j.opc.PackageRelationshipCollection - Parsing relationship: /xl/_rels/workbook.xml.rels
2025-12-09 00:09:27 [main] DEBUG org.apache.poi.openxml4j.opc.PackageRelationshipCollection - Parsing relationship: /xl/worksheets/_rels/sheet1.xml.rels
2025-12-09 00:09:27 [main] DEBUG org.apache.poi.openxml4j.opc.PackageRelationshipCollection - Parsing relationship: /_rels/.rels
2025-12-09 00:09:28 [main] DEBUG org.apache.poi.ooxml.POIXMLFactory - using default POIXMLDocumentPart for http://schemas.openxmlformats.org/officeDocument/2006/relationships/printerSettings
2025-12-09 00:09:36 [main] INFO  com.AdvanceSelenium.MyListener - Test Case Execution Strat =registerTestData
2025-12-09 00:09:41 [main] INFO  com.AdvanceSelenium.MyListener - Test Case fail =registerTestData
2025-12-09 00:09:45 [main] INFO  com.AdvanceSelenium.MyListener - Test Case Execution Strat =registerTestData
2025-12-09 00:09:47 [main] INFO  com.AdvanceSelenium.MyListener - Test Case Pass =registerTestData
2025-12-09 00:09:50 [main] INFO  com.AdvanceSelenium.MyListener - Test Case Execution Strat =registerTestData
2025-12-09 00:09:52 [main] INFO  com.AdvanceSelenium.MyListener - Test Case Pass =registerTestData
2025-12-09 00:09:56 [main] INFO  com.AdvanceSelenium.MyListener - Test Case Execution Strat =registerTestData
2025-12-09 00:09:58 [main] INFO  com.AdvanceSelenium.MyListener - Test Case Pass =registerTestData
2025-12-09 00:10:01 [main] INFO  com.AdvanceSelenium.MyListener - Test Case Execution Strat =registerTestData
2025-12-09 00:10:06 [main] INFO  com.AdvanceSelenium.MyListener - Test Case fail =registerTestData
2025-12-09 00:10:10 [main] INFO  com.AdvanceSelenium.MyListener - Test Case Execution Strat =registerTestData
2025-12-09 00:10:16 [main] INFO  com.AdvanceSelenium.MyListener - Test Case fail =registerTestData
2025-12-09 00:10:19 [main] INFO  com.AdvanceSelenium.MyListener - Test Case Execution Strat =registerTestData
2025-12-09 00:10:21 [main] INFO  com.AdvanceSelenium.MyListener - Test Case Pass =registerTestData
2025-12-09 00:10:25 [main] INFO  com.AdvanceSelenium.MyListener - Test Case Execution Strat =registerTestData
2025-12-09 00:10:27 [main] INFO  com.AdvanceSelenium.MyListener - Test Case Pass =registerTestData
2025-12-09 00:10:30 [main] INFO  com.AdvanceSelenium.MyListener - Test Case Execution Strat =registerTestData
2025-12-09 00:10:36 [main] INFO  com.AdvanceSelenium.MyListener - Test Case fail =registerTestData
2025-12-09 00:10:36 [main] INFO  com.AdvanceSelenium.MyListener - Test Case Execution completed
2025-12-09 00:19:35 [main] INFO  com.AdvanceSelenium.MyListener -  start
2025-12-09 00:19:36 [main] DEBUG org.apache.poi.openxml4j.opc.PackageRelationshipCollection - Parsing relationship: /xl/_rels/workbook.xml.rels
2025-12-09 00:19:36 [main] DEBUG org.apache.poi.openxml4j.opc.PackageRelationshipCollection - Parsing relationship: /xl/worksheets/_rels/sheet1.xml.rels
2025-12-09 00:19:36 [main] DEBUG org.apache.poi.openxml4j.opc.PackageRelationshipCollection - Parsing relationship: /_rels/.rels
2025-12-09 00:19:37 [main] DEBUG org.apache.poi.ooxml.POIXMLFactory - using default POIXMLDocumentPart for http://schemas.openxmlformats.org/officeDocument/2006/relationships/printerSettings
2025-12-09 00:19:42 [main] INFO  com.AdvanceSelenium.MyListener - Test Case Execution Strat =registerTestData
2025-12-09 00:19:47 [main] INFO  com.AdvanceSelenium.MyListener - Test Case fail =registerTestData
2025-12-09 00:19:50 [main] INFO  com.AdvanceSelenium.MyListener - Test Case Execution Strat =registerTestData
2025-12-09 00:19:52 [main] INFO  com.AdvanceSelenium.MyListener - Test Case Pass =registerTestData
2025-12-09 00:19:56 [main] INFO  com.AdvanceSelenium.MyListener - Test Case Execution Strat =registerTestData
2025-12-09 00:19:58 [main] INFO  com.AdvanceSelenium.MyListener - Test Case Pass =registerTestData
2025-12-09 00:20:01 [main] INFO  com.AdvanceSelenium.MyListener - Test Case Execution Strat =registerTestData
2025-12-09 00:20:03 [main] INFO  com.AdvanceSelenium.MyListener - Test Case Pass =registerTestData
2025-12-09 00:20:06 [main] INFO  com.AdvanceSelenium.MyListener - Test Case Execution Strat =registerTestData
2025-12-09 00:20:11 [main] INFO  com.AdvanceSelenium.MyListener - Test Case fail =registerTestData
2025-12-09 00:20:15 [main] INFO  com.AdvanceSelenium.MyListener - Test Case Execution Strat =registerTestData
2025-12-09 00:20:19 [main] INFO  com.AdvanceSelenium.MyListener - Test Case fail =registerTestData
2025-12-09 00:20:23 [main] INFO  com.AdvanceSelenium.MyListener - Test Case Execution Strat =registerTestData
2025-12-09 00:20:25 [main] INFO  com.AdvanceSelenium.MyListener - Test Case Pass =registerTestData
2025-12-09 00:20:28 [main] INFO  com.AdvanceSelenium.MyListener - Test Case Execution Strat =registerTestData
2025-12-09 00:20:30 [main] INFO  com.AdvanceSelenium.MyListener - Test Case Pass =registerTestData
2025-12-09 00:20:34 [main] INFO  com.AdvanceSelenium.MyListener - Test Case Execution Strat =registerTestData
2025-12-09 00:20:38 [main] INFO  com.AdvanceSelenium.MyListener - Test Case fail =registerTestData
2025-12-09 00:20:39 [main] INFO  com.AdvanceSelenium.MyListener - Test Case Execution completed
2025-12-09 00:33:08 [main] DEBUG org.apache.poi.openxml4j.opc.PackageRelationshipCollection - Parsing relationship: /xl/_rels/workbook.xml.rels
2025-12-09 00:33:08 [main] DEBUG org.apache.poi.openxml4j.opc.PackageRelationshipCollection - Parsing relationship: /xl/worksheets/_rels/sheet1.xml.rels
2025-12-09 00:33:08 [main] DEBUG org.apache.poi.openxml4j.opc.PackageRelationshipCollection - Parsing relationship: /_rels/.rels
2025-12-09 00:33:09 [main] DEBUG org.apache.poi.ooxml.POIXMLFactory - using default POIXMLDocumentPart for http://schemas.openxmlformats.org/officeDocument/2006/relationships/printerSettings
2025-12-09 00:37:21 [main] INFO  com.AdvanceSelenium.MyListener -  start
2025-12-09 00:37:23 [main] DEBUG org.apache.poi.openxml4j.opc.PackageRelationshipCollection - Parsing relationship: /xl/_rels/workbook.xml.rels
2025-12-09 00:37:23 [main] DEBUG org.apache.poi.openxml4j.opc.PackageRelationshipCollection - Parsing relationship: /xl/worksheets/_rels/sheet1.xml.rels
2025-12-09 00:37:23 [main] DEBUG org.apache.poi.openxml4j.opc.PackageRelationshipCollection - Parsing relationship: /_rels/.rels
2025-12-09 00:37:23 [main] DEBUG org.apache.poi.ooxml.POIXMLFactory - using default POIXMLDocumentPart for http://schemas.openxmlformats.org/officeDocument/2006/relationships/printerSettings
2025-12-09 00:37:28 [main] INFO  com.AdvanceSelenium.MyListener - Test Case Execution Strat =registerTestData
2025-12-09 00:37:34 [main] INFO  com.AdvanceSelenium.MyListener - Test Case fail =registerTestData
2025-12-09 00:37:37 [main] INFO  com.AdvanceSelenium.MyListener - Test Case Execution Strat =registerTestData
2025-12-09 00:37:40 [main] INFO  com.AdvanceSelenium.MyListener - Test Case Pass =registerTestData
2025-12-09 00:37:44 [main] INFO  com.AdvanceSelenium.MyListener - Test Case Execution Strat =registerTestData
2025-12-09 00:37:46 [main] INFO  com.AdvanceSelenium.MyListener - Test Case Pass =registerTestData
2025-12-09 00:37:50 [main] INFO  com.AdvanceSelenium.MyListener - Test Case Execution Strat =registerTestData
2025-12-09 00:37:53 [main] INFO  com.AdvanceSelenium.MyListener - Test Case Pass =registerTestData
2025-12-09 00:37:56 [main] INFO  com.AdvanceSelenium.MyListener - Test Case Execution Strat =registerTestData
2025-12-09 00:38:02 [main] INFO  com.AdvanceSelenium.MyListener - Test Case fail =registerTestData
2025-12-09 00:38:06 [main] INFO  com.AdvanceSelenium.MyListener - Test Case Execution Strat =registerTestData
2025-12-09 00:38:11 [main] INFO  com.AdvanceSelenium.MyListener - Test Case fail =registerTestData
2025-12-09 00:38:15 [main] INFO  com.AdvanceSelenium.MyListener - Test Case Execution Strat =registerTestData
2025-12-09 00:38:18 [main] INFO  com.AdvanceSelenium.MyListener - Test Case Pass =registerTestData
2025-12-09 00:38:20 [main] INFO  com.AdvanceSelenium.MyListener - Test Case Execution Strat =registerTestData
2025-12-09 00:38:24 [main] INFO  com.AdvanceSelenium.MyListener - Test Case Pass =registerTestData
2025-12-09 00:38:27 [main] INFO  com.AdvanceSelenium.MyListener - Test Case Execution Strat =registerTestData
2025-12-09 00:38:32 [main] INFO  com.AdvanceSelenium.MyListener - Test Case fail =registerTestData
2025-12-09 00:38:33 [main] INFO  com.AdvanceSelenium.MyListener - Test Case Execution completed
